<?xml version="1.0" encoding="UTF-8"?>
<testsuite xmlns:xsi="http://www.w3.org/2001/XMLSchema-instance" xsi:noNamespaceSchemaLocation="https://maven.apache.org/surefire/maven-surefire-plugin/xsd/surefire-test-report.xsd" name="org.api.seleniumapitesting.AppTest" time="0.033" tests="1" errors="0" skipped="0" failures="0">
  <properties>
    <property name="java.specification.version" value="17"/>
    <property name="sun.cpu.isalist" value="amd64"/>
    <property name="sun.jnu.encoding" value="Cp1252"/>
    <property name="java.class.path" value="C:\Users\suresh.kuruva\Documents\workspace-spring-tool-suite-4-4.19.1.RELEASE\seleniumapitesting\target\test-classes;C:\Users\suresh.kuruva\Documents\workspace-spring-tool-suite-4-4.19.1.RELEASE\seleniumapitesting\target\classes;C:\Users\suresh.kuruva\.m2\repository\junit\junit\4.11\junit-4.11.jar;C:\Users\suresh.kuruva\.m2\repository\org\hamcrest\hamcrest-core\1.3\hamcrest-core-1.3.jar;"/>
    <property name="java.vm.vendor" value="Eclipse Adoptium"/>
    <property name="sun.arch.data.model" value="64"/>
    <property name="user.variant" value=""/>
    <property name="java.vendor.url" value="https://adoptium.net/"/>
    <property name="user.timezone" value="Asia/Calcutta"/>
    <property name="os.name" value="Windows 10"/>
    <property name="java.vm.specification.version" value="17"/>
    <property name="sun.java.launcher" value="SUN_STANDARD"/>
    <property name="user.country" value="IN"/>
    <property name="sun.boot.library.path" value="C:\Users\suresh.kuruva\Documents\Downloaded Softwares\sts-4.19.1.RELEASE\plugins\org.eclipse.justj.openjdk.hotspot.jre.full.win32.x86_64_17.0.7.v20230425-1502\jre\bin"/>
    <property name="sun.java.command" value="C:\Users\SURESH~1.KUR\AppData\Local\Temp\surefire10810515504134513428\surefirebooter8482849056681425778.jar C:\Users\suresh.kuruva\AppData\Local\Temp\surefire10810515504134513428 2024-02-22T12-53-22_110-jvmRun1 surefire13261652719127809773tmp surefire_07261585717382521290tmp"/>
    <property name="jdk.debug" value="release"/>
    <property name="surefire.test.class.path" value="C:\Users\suresh.kuruva\Documents\workspace-spring-tool-suite-4-4.19.1.RELEASE\seleniumapitesting\target\test-classes;C:\Users\suresh.kuruva\Documents\workspace-spring-tool-suite-4-4.19.1.RELEASE\seleniumapitesting\target\classes;C:\Users\suresh.kuruva\.m2\repository\junit\junit\4.11\junit-4.11.jar;C:\Users\suresh.kuruva\.m2\repository\org\hamcrest\hamcrest-core\1.3\hamcrest-core-1.3.jar;"/>
    <property name="sun.cpu.endian" value="little"/>
    <property name="user.home" value="C:\Users\suresh.kuruva"/>
    <property name="user.language" value="en"/>
    <property name="java.specification.vendor" value="Oracle Corporation"/>
    <property name="java.version.date" value="2023-04-18"/>
    <property name="java.home" value="C:\Users\suresh.kuruva\Documents\Downloaded Softwares\sts-4.19.1.RELEASE\plugins\org.eclipse.justj.openjdk.hotspot.jre.full.win32.x86_64_17.0.7.v20230425-1502\jre"/>
    <property name="file.separator" value="\"/>
    <property name="style.color" value="always"/>
    <property name="basedir" value="C:\Users\suresh.kuruva\Documents\workspace-spring-tool-suite-4-4.19.1.RELEASE\seleniumapitesting"/>
    <property name="java.vm.compressedOopsMode" value="Zero based"/>
    <property name="line.separator" value="&#10;"/>
    <property name="java.vm.specification.vendor" value="Oracle Corporation"/>
    <property name="java.specification.name" value="Java Platform API Specification"/>
    <property name="surefire.real.class.path" value="C:\Users\SURESH~1.KUR\AppData\Local\Temp\surefire10810515504134513428\surefirebooter8482849056681425778.jar"/>
    <property name="user.script" value=""/>
    <property name="sun.management.compiler" value="HotSpot 64-Bit Tiered Compilers"/>
    <property name="java.runtime.version" value="17.0.7+7"/>
    <property name="user.name" value="suresh.kuruva"/>
    <property name="path.separator" value=";"/>
    <property name="os.version" value="10.0"/>
    <property name="java.runtime.name" value="OpenJDK Runtime Environment"/>
    <property name="file.encoding" value="Cp1252"/>
    <property name="java.vm.name" value="OpenJDK 64-Bit Server VM"/>
    <property name="java.vendor.version" value="Temurin-17.0.7+7"/>
    <property name="localRepository" value="C:\Users\suresh.kuruva\.m2\repository"/>
    <property name="java.vendor.url.bug" value="https://github.com/adoptium/adoptium-support/issues"/>
    <property name="java.io.tmpdir" value="C:\Users\SURESH~1.KUR\AppData\Local\Temp\"/>
    <property name="java.version" value="17.0.7"/>
    <property name="user.dir" value="C:\Users\suresh.kuruva\Documents\workspace-spring-tool-suite-4-4.19.1.RELEASE\seleniumapitesting"/>
    <property name="os.arch" value="amd64"/>
    <property name="java.vm.specification.name" value="Java Virtual Machine Specification"/>
    <property name="sun.os.patch.level" value=""/>
    <property name="native.encoding" value="Cp1252"/>
    <property name="java.library.path" value="C:\Users\suresh.kuruva\Documents\Downloaded Softwares\sts-4.19.1.RELEASE\plugins\org.eclipse.justj.openjdk.hotspot.jre.full.win32.x86_64_17.0.7.v20230425-1502\jre\bin;C:\WINDOWS\Sun\Java\bin;C:\WINDOWS\system32;C:\WINDOWS;C:/Users/suresh.kuruva/Documents/Downloaded Softwares/sts-4.19.1.RELEASE//plugins/org.eclipse.justj.openjdk.hotspot.jre.full.win32.x86_64_17.0.7.v20230425-1502/jre/bin/server;C:/Users/suresh.kuruva/Documents/Downloaded Softwares/sts-4.19.1.RELEASE//plugins/org.eclipse.justj.openjdk.hotspot.jre.full.win32.x86_64_17.0.7.v20230425-1502/jre/bin;C:\Program Files\Java\jdk-17;C:\Python311\;C:\Program Files\Common Files\Oracle\Java\javapath;C:\WINDOWS\system32;C:\WINDOWS;C:\WINDOWS\System32\Wbem;C:\WINDOWS\System32\WindowsPowerShell\v1.0\;C:\WINDOWS\System32\OpenSSH\;C:\Program Files\nodejs\;C:\ProgramData\chocolatey\bin;C:\Users\suresh.kuruva\AppData\Local\Android\Sdk\platform-tools;C:\Users\suresh.kuruva\AppData\Local\Android\Sdk;C:\Users\suresh.kuruva\AppData\Local\Microsoft\WindowsApps;C:\Users\suresh.kuruva\AppData\Local\Programs\Microsoft VS Code\bin;C:\Users\suresh.kuruva\AppData\Roaming\npm;C:\Users\suresh.kuruva\AppData\Local\Programs\Git\cmd;;C:\Users\suresh.kuruva\Documents\Downloaded Softwares\sts-4.19.1.RELEASE;;."/>
    <property name="java.vm.info" value="mixed mode"/>
    <property name="java.vendor" value="Eclipse Adoptium"/>
    <property name="java.vm.version" value="17.0.7+7"/>
    <property name="sun.io.unicode.encoding" value="UnicodeLittle"/>
    <property name="java.class.version" value="61.0"/>
  </properties>
  <testcase name="shouldAnswerWithTrue" classname="org.api.seleniumapitesting.AppTest" time="0.002"/>
</testsuite>