<?xml version="1.0" encoding="UTF-8"?>
<!-- Generated by org.testng.reporters.JUnitReportReporter -->
<testsuite hostname="FEUJI-V012D" failures="0" tests="5" name="org.api.base.ApiTest" time="8.521" errors="0" timestamp="2024-02-23T15:50:07 IST" skipped="0">
  <testcase classname="org.api.base.ApiTest" name="testCreateToken" time="3.280"/>
  <system-out/>
  <testcase classname="org.api.base.ApiTest" name="testCreateBooking" time="1.368"/>
  <system-out/>
  <testcase classname="org.api.base.ApiTest" name="testGetBookingById" time="1.292"/>
  <system-out/>
  <testcase classname="org.api.base.ApiTest" name="testUpdateBookingById" time="1.320"/>
  <system-out/>
  <testcase classname="org.api.base.ApiTest" name="testDeleteBooking" time="1.261"/>
  <system-out/>
</testsuite> <!-- org.api.base.ApiTest -->
