<?xml version="1.0" encoding="UTF-8"?>
<!-- Generated by org.testng.reporters.JUnitReportReporter -->
<testsuite hostname="FEUJI-V012D" failures="0" tests="1" name="org.api.seleniumapitesting.AppTest" time="0.009" errors="0" timestamp="2024-02-22T12:57:20 IST" skipped="0">
  <testcase classname="org.api.seleniumapitesting.AppTest" name="shouldAnswerWithTrue" time="0.009"/>
  <system-out/>
</testsuite> <!-- org.api.seleniumapitesting.AppTest -->
